Arguments: 
  /usr/local/bin/node /usr/local/bin/yarn add jquery --dev

PATH: 
  /usr/local/bin:/usr/bin:/bin:/usr/sbin:/sbin

Yarn version: 
  1.12.3

Node version: 
  10.14.2

Platform: 
  darwin x64

Trace: 
  SyntaxError: /Users/apple/Desktop/jirengu/vue-Everest/package.json: Unexpected token y in JSON at position 0
      at JSON.parse (<anonymous>)
      at /usr/local/lib/node_modules/yarn/lib/cli.js:1631:59
      at Generator.next (<anonymous>)
      at step (/usr/local/lib/node_modules/yarn/lib/cli.js:304:30)
      at /usr/local/lib/node_modules/yarn/lib/cli.js:315:13

npm manifest: 
  yar{
    "name": "vue-Everest",
    "version": "1.0.0",
    "description": "",
    "main": "1.arr.js",
    "scripts": {
      "test": "echo \"Error: no test specified\" && exit 1"
    },
    "keywords": [],
    "author": "",
    "license": "ISC",
    "devDependencies": {
      "vue": "^2.5.21"
    }
  }

yarn manifest: 
  No manifest

Lockfile: 
  # THIS IS AN AUTOGENERATED FILE. DO NOT EDIT THIS FILE DIRECTLY.
  # yarn lockfile v1
  
  
  vue@^2.5.21:
    version "2.5.21"
    resolved "http://registry.npm.taobao.org/vue/download/vue-2.5.21.tgz#3d33dcd03bb813912ce894a8303ab553699c4a85"
    integrity sha1-PTPc0Du4E5Es6JSoMDq1U2mcSoU=
